<?xml version="1.0" encoding="UTF-8"?>
<!-- Generated by org.testng.reporters.JUnitXMLReporter -->
<testsuite ignored="6" hostname="SNUFFY" failures="0" tests="4" name="data" time="72.025" errors="0" timestamp="2024-08-29T19:15:37 IST">
  <testcase classname="TC_Repo.LE_04" name="le_01Case" time="6.431"/>
  <testcase classname="TC_Repo.LE_01" name="le_01Case" time="13.492"/>
  <testcase classname="TC_Repo.LE_02" name="le_02Case" time="10.216"/>
  <testcase classname="TC_Repo.LE_03" name="le_03Case" time="10.363"/>
  <testcase classname="generic_Utility.BaseClass" name="@AfterSuite closeCennection" time="0.0">
    <ignored/>
  </testcase> <!-- @AfterSuite closeCennection -->
  <testcase classname="generic_Utility.BaseClass" name="@AfterSuite closeCennection" time="0.0">
    <ignored/>
  </testcase> <!-- @AfterSuite closeCennection -->
  <testcase classname="generic_Utility.BaseClass" name="@AfterSuite closeCennection" time="0.0">
    <ignored/>
  </testcase> <!-- @AfterSuite closeCennection -->
  <testcase classname="generic_Utility.BaseClass" name="@BeforeSuite createConnetion" time="0.0">
    <ignored/>
  </testcase> <!-- @BeforeSuite createConnetion -->
  <testcase classname="generic_Utility.BaseClass" name="@BeforeSuite createConnetion" time="0.0">
    <ignored/>
  </testcase> <!-- @BeforeSuite createConnetion -->
  <testcase classname="generic_Utility.BaseClass" name="@BeforeSuite createConnetion" time="0.0">
    <ignored/>
  </testcase> <!-- @BeforeSuite createConnetion -->
</testsuite> <!-- data -->
