<?xml version="1.0" encoding="UTF-8"?>
<!-- Generated by org.testng.reporters.JUnitXMLReporter -->
<testsuite ignored="14" hostname="SNUFFY" failures="0" tests="8" name="Test" time="132.98" errors="0" timestamp="2024-08-30T19:40:21 IST">
  <testcase classname="TC_Repo.OR_03" name="or_Case01" time="8.021"/>
  <testcase classname="TC_Repo.OR_02" name="or_Case01" time="7.865"/>
  <testcase classname="TC_Repo.OR_04" name="or_Case01" time="8.303"/>
  <testcase classname="TC_Repo.LE_04" name="le_04Case" time="7.646"/>
  <testcase classname="TC_Repo.OR_01" name="or_Case01" time="7.637"/>
  <testcase classname="TC_Repo.LE_01" name="le_01Case" time="11.624"/>
  <testcase classname="TC_Repo.LE_02" name="le_02Case" time="10.77"/>
  <testcase classname="TC_Repo.LE_03" name="le_03Case" time="10.328"/>
  <testcase classname="generic_Utility.BaseClass" name="@AfterSuite closeCennection" time="0.0">
    <ignored/>
  </testcase> <!-- @AfterSuite closeCennection -->
  <testcase classname="generic_Utility.BaseClass" name="@AfterSuite closeCennection" time="0.0">
    <ignored/>
  </testcase> <!-- @AfterSuite closeCennection -->
  <testcase classname="generic_Utility.BaseClass" name="@AfterSuite closeCennection" time="0.0">
    <ignored/>
  </testcase> <!-- @AfterSuite closeCennection -->
  <testcase classname="generic_Utility.BaseClass" name="@AfterSuite closeCennection" time="0.0">
    <ignored/>
  </testcase> <!-- @AfterSuite closeCennection -->
  <testcase classname="generic_Utility.BaseClass" name="@AfterSuite closeCennection" time="0.0">
    <ignored/>
  </testcase> <!-- @AfterSuite closeCennection -->
  <testcase classname="generic_Utility.BaseClass" name="@AfterSuite closeCennection" time="0.0">
    <ignored/>
  </testcase> <!-- @AfterSuite closeCennection -->
  <testcase classname="generic_Utility.BaseClass" name="@AfterSuite closeCennection" time="0.0">
    <ignored/>
  </testcase> <!-- @AfterSuite closeCennection -->
  <testcase classname="generic_Utility.BaseClass" name="@BeforeSuite createConnetion" time="0.0">
    <ignored/>
  </testcase> <!-- @BeforeSuite createConnetion -->
  <testcase classname="generic_Utility.BaseClass" name="@BeforeSuite createConnetion" time="0.0">
    <ignored/>
  </testcase> <!-- @BeforeSuite createConnetion -->
  <testcase classname="generic_Utility.BaseClass" name="@BeforeSuite createConnetion" time="0.0">
    <ignored/>
  </testcase> <!-- @BeforeSuite createConnetion -->
  <testcase classname="generic_Utility.BaseClass" name="@BeforeSuite createConnetion" time="0.0">
    <ignored/>
  </testcase> <!-- @BeforeSuite createConnetion -->
  <testcase classname="generic_Utility.BaseClass" name="@BeforeSuite createConnetion" time="0.0">
    <ignored/>
  </testcase> <!-- @BeforeSuite createConnetion -->
  <testcase classname="generic_Utility.BaseClass" name="@BeforeSuite createConnetion" time="0.0">
    <ignored/>
  </testcase> <!-- @BeforeSuite createConnetion -->
  <testcase classname="generic_Utility.BaseClass" name="@BeforeSuite createConnetion" time="0.0">
    <ignored/>
  </testcase> <!-- @BeforeSuite createConnetion -->
</testsuite> <!-- Test -->
